<?xml version="1.0" encoding="UTF-8"?>
<!-- Generated by org.testng.reporters.JUnitXMLReporter -->
<testsuite ignored="1" hostname="Santhiya" failures="0" tests="1" name="Inventory Test" time="7.218" errors="0" timestamp="2025-06-04T23:18:40 IST">
  <testcase classname="Santhiya.Tests.InventoryTest" name="addToCart" time="1.031"/>
  <testcase classname="Santhiya.Tests.InventoryTest" name="ProductDisplay" time="0.0">
    <ignored/>
  </testcase> <!-- ProductDisplay -->
</testsuite> <!-- Inventory Test -->
