<?xml version="1.0" encoding="UTF-8"?>
<!-- Generated by org.testng.reporters.JUnitXMLReporter -->
<testsuite ignored="0" hostname="Santhiya" failures="0" tests="3" name="PlaceOrder Test" time="16.216" errors="0" timestamp="2025-06-16T23:24:52 IST">
  <testcase classname="Santhiya.Tests.PlaceOrderTest" name="ProductDisplay" time="0.362"/>
  <testcase classname="Santhiya.Tests.PlaceOrderTest" name="ProductDisplay" time="0.501"/>
  <testcase classname="Santhiya.Tests.PlaceOrderTest" name="addToCart" time="1.621"/>
</testsuite> <!-- PlaceOrder Test -->
