<?xml version="1.0" encoding="UTF-8"?>
<!-- Generated by org.testng.reporters.JUnitXMLReporter -->
<testsuite ignored="1" hostname="Santhiya" failures="0" tests="1" name="PlaceOrder Test" time="5.352" errors="0" timestamp="2025-06-10T21:13:31 IST">
  <testcase classname="Santhiya.Tests.PlaceOrderTest" name="addToCart" time="1.4"/>
  <testcase classname="Santhiya.Tests.PlaceOrderTest" name="ProductDisplay" time="0.0">
    <ignored/>
  </testcase> <!-- ProductDisplay -->
</testsuite> <!-- PlaceOrder Test -->
