<?xml version="1.0" encoding="UTF-8"?>
<!-- Generated by org.testng.reporters.JUnitXMLReporter -->
<testsuite ignored="0" hostname="Santhiya" failures="0" tests="2" name="Retry Test" time="0.065" errors="0" timestamp="2025-06-16T23:25:03 IST">
  <testcase classname="Santhiya.Tests.RetryAnalyzerTest" name="retryTestExample" time="0.021">
    <skipped/>
  </testcase> <!-- retryTestExample -->
  <testcase classname="Santhiya.Tests.RetryAnalyzerTest" name="retryTestExample" time="0.002"/>
</testsuite> <!-- Retry Test -->
