<?xml version="1.0" encoding="UTF-8"?>
<!-- Generated by org.testng.reporters.JUnitXMLReporter -->
<testsuite ignored="1" hostname="Santhiya" failures="0" tests="1" name="PlaceOrder Test" time="6.423" errors="0" timestamp="2025-06-05T14:57:28 IST">
  <testcase classname="Santhiya.Tests.PlaceOrderTest" name="addToCart" time="1.84"/>
  <testcase classname="Santhiya.Tests.PlaceOrderTest" name="ProductDisplay" time="0.0">
    <ignored/>
  </testcase> <!-- ProductDisplay -->
</testsuite> <!-- PlaceOrder Test -->
