<?xml version="1.0" encoding="UTF-8"?>
<testng-results ignored="3" total="4" passed="1" failed="0" skipped="0">
  <reporter-output>
  </reporter-output>
  <suite started-at="2025-06-05T14:57:22 IST" name="Suite" finished-at="2025-06-05T14:57:28 IST" duration-ms="6423">
    <groups>
      <group name="PlaceOrder">
        <method signature="PlaceOrderTest.addToCart()[pri:0, instance:Santhiya.Tests.PlaceOrderTest@5340477f]" name="addToCart" class="Santhiya.Tests.PlaceOrderTest"/>
      </group> <!-- PlaceOrder -->
    </groups>
    <test started-at="2025-06-05T14:57:22 IST" name="Login Test" finished-at="2025-06-05T14:57:22 IST" duration-ms="11">
    </test> <!-- Login Test -->
    <test started-at="2025-06-05T14:57:22 IST" name="PlaceOrder Test" finished-at="2025-06-05T14:57:28 IST" duration-ms="6423">
      <class name="Santhiya.Tests.PlaceOrderTest">
        <test-method is-config="true" signature="SetUp()[pri:0, instance:Santhiya.Tests.PlaceOrderTest@5340477f]" started-at="2025-06-05T14:57:22 IST" name="SetUp" finished-at="2025-06-05T14:57:25 IST" duration-ms="3213" status="PASS">
          <reporter-output>
          </reporter-output>
        </test-method> <!-- SetUp -->
        <test-method signature="addToCart()[pri:0, instance:Santhiya.Tests.PlaceOrderTest@5340477f]" started-at="2025-06-05T14:57:25 IST" name="addToCart" finished-at="2025-06-05T14:57:27 IST" duration-ms="1840" status="PASS">
          <reporter-output>
          </reporter-output>
        </test-method> <!-- addToCart -->
        <test-method is-config="true" signature="tearDown()[pri:0, instance:Santhiya.Tests.PlaceOrderTest@5340477f]" started-at="2025-06-05T14:57:27 IST" name="tearDown" finished-at="2025-06-05T14:57:28 IST" duration-ms="1320" status="PASS">
          <reporter-output>
          </reporter-output>
        </test-method> <!-- tearDown -->
      </class> <!-- Santhiya.Tests.PlaceOrderTest -->
    </test> <!-- PlaceOrder Test -->
  </suite> <!-- Suite -->
</testng-results>
