<?xml version="1.0" encoding="UTF-8"?>
<testng-results ignored="3" total="4" passed="1" failed="0" skipped="0">
  <reporter-output>
  </reporter-output>
  <suite started-at="2025-06-10T21:13:25 IST" name="Suite" finished-at="2025-06-10T21:13:31 IST" duration-ms="5352">
    <groups>
      <group name="PlaceOrder">
        <method signature="PlaceOrderTest.addToCart(java.util.HashMap)[pri:0, instance:Santhiya.Tests.PlaceOrderTest@928763c]" name="addToCart" class="Santhiya.Tests.PlaceOrderTest"/>
      </group> <!-- PlaceOrder -->
    </groups>
    <test started-at="2025-06-10T21:13:25 IST" name="Login Test" finished-at="2025-06-10T21:13:25 IST" duration-ms="10">
    </test> <!-- Login Test -->
    <test started-at="2025-06-10T21:13:25 IST" name="PlaceOrder Test" finished-at="2025-06-10T21:13:31 IST" duration-ms="5352">
      <class name="Santhiya.Tests.PlaceOrderTest">
        <test-method is-config="true" signature="SetUp()[pri:0, instance:Santhiya.Tests.PlaceOrderTest@928763c]" started-at="2025-06-10T21:13:25 IST" name="SetUp" finished-at="2025-06-10T21:13:28 IST" duration-ms="2304" status="PASS">
          <reporter-output>
          </reporter-output>
        </test-method> <!-- SetUp -->
        <test-method signature="addToCart(java.util.HashMap)[pri:0, instance:Santhiya.Tests.PlaceOrderTest@928763c]" started-at="2025-06-10T21:13:28 IST" name="addToCart" data-provider="CheckOutData" finished-at="2025-06-10T21:13:29 IST" duration-ms="1400" status="PASS">
          <params>
            <param index="0">
              <value>
                <![CDATA[{firstname=Santhiya, postalCode=613101, lastname=Selvam}]]>
              </value>
            </param>
          </params>
          <reporter-output>
          </reporter-output>
        </test-method> <!-- addToCart -->
        <test-method is-config="true" signature="tearDown()[pri:0, instance:Santhiya.Tests.PlaceOrderTest@928763c]" started-at="2025-06-10T21:13:29 IST" name="tearDown" finished-at="2025-06-10T21:13:31 IST" duration-ms="1372" status="PASS">
          <reporter-output>
          </reporter-output>
        </test-method> <!-- tearDown -->
      </class> <!-- Santhiya.Tests.PlaceOrderTest -->
    </test> <!-- PlaceOrder Test -->
  </suite> <!-- Suite -->
</testng-results>
